Classic Timing Analyzer report for LAB3
Thu Apr 04 15:29:47 2019
Quartus II Version 9.0 Build 132 02/25/2009 SJ Web Edition


---------------------
; Table of Contents ;
---------------------
  1. Legal Notice
  2. Timing Analyzer Summary
  3. Timing Analyzer Settings
  4. Clock Settings Summary
  5. Parallel Compilation
  6. Clock Setup: 'Clk'
  7. tsu
  8. tco
  9. th
 10. Timing Analyzer Messages



----------------
; Legal Notice ;
----------------
Copyright (C) 1991-2009 Altera Corporation
Your use of Altera Corporation's design tools, logic functions 
and other software and tools, and its AMPP partner logic 
functions, and any output files from any of the foregoing 
(including device programming or simulation files), and any 
associated documentation or information are expressly subject 
to the terms and conditions of the Altera Program License 
Subscription Agreement, Altera MegaCore Function License 
Agreement, or other applicable license agreement, including, 
without limitation, that your use is for the sole purpose of 
programming logic devices manufactured by Altera and sold by 
Altera or its authorized distributors.  Please refer to the 
applicable agreement for further details.



+----------------------------------------------------------------------------------------------------------------------------------------------------------------------------------------------+
; Timing Analyzer Summary                                                                                                                                                                      ;
+------------------------------+-------+---------------+------------------------------------------------+-----------------------+-----------------------+------------+----------+--------------+
; Type                         ; Slack ; Required Time ; Actual Time                                    ; From                  ; To                    ; From Clock ; To Clock ; Failed Paths ;
+------------------------------+-------+---------------+------------------------------------------------+-----------------------+-----------------------+------------+----------+--------------+
; Worst-case tsu               ; N/A   ; None          ; 4.908 ns                                       ; In                    ; debouncer2:d2|Temp[3] ; --         ; Clk      ; 0            ;
; Worst-case tco               ; N/A   ; None          ; 6.230 ns                                       ; debouncer1:d1|Out     ; Out1                  ; Clk        ; --       ; 0            ;
; Worst-case th                ; N/A   ; None          ; -3.953 ns                                      ; In                    ; debouncer2:d2|Temp[0] ; --         ; Clk      ; 0            ;
; Clock Setup: 'Clk'           ; N/A   ; None          ; Restricted to 275.03 MHz ( period = 3.636 ns ) ; debouncer1:d1|Temp[1] ; debouncer2:d2|Temp[3] ; Clk        ; Clk      ; 0            ;
; Total number of failed paths ;       ;               ;                                                ;                       ;                       ;            ;          ; 0            ;
+------------------------------+-------+---------------+------------------------------------------------+-----------------------+-----------------------+------------+----------+--------------+


+--------------------------------------------------------------------------------------------------------------------+
; Timing Analyzer Settings                                                                                           ;
+---------------------------------------------------------------------+--------------------+------+----+-------------+
; Option                                                              ; Setting            ; From ; To ; Entity Name ;
+---------------------------------------------------------------------+--------------------+------+----+-------------+
; Device Name                                                         ; EP1C3T144C8        ;      ;    ;             ;
; Timing Models                                                       ; Final              ;      ;    ;             ;
; Default hold multicycle                                             ; Same as Multicycle ;      ;    ;             ;
; Cut paths between unrelated clock domains                           ; On                 ;      ;    ;             ;
; Cut off read during write signal paths                              ; On                 ;      ;    ;             ;
; Cut off feedback from I/O pins                                      ; On                 ;      ;    ;             ;
; Report Combined Fast/Slow Timing                                    ; Off                ;      ;    ;             ;
; Ignore Clock Settings                                               ; Off                ;      ;    ;             ;
; Analyze latches as synchronous elements                             ; On                 ;      ;    ;             ;
; Enable Recovery/Removal analysis                                    ; Off                ;      ;    ;             ;
; Enable Clock Latency                                                ; Off                ;      ;    ;             ;
; Use TimeQuest Timing Analyzer                                       ; Off                ;      ;    ;             ;
; Minimum Core Junction Temperature                                   ; 0                  ;      ;    ;             ;
; Maximum Core Junction Temperature                                   ; 85                 ;      ;    ;             ;
; Number of source nodes to report per destination node               ; 10                 ;      ;    ;             ;
; Number of destination nodes to report                               ; 10                 ;      ;    ;             ;
; Number of paths to report                                           ; 200                ;      ;    ;             ;
; Report Minimum Timing Checks                                        ; Off                ;      ;    ;             ;
; Use Fast Timing Models                                              ; Off                ;      ;    ;             ;
; Report IO Paths Separately                                          ; Off                ;      ;    ;             ;
; Perform Multicorner Analysis                                        ; Off                ;      ;    ;             ;
; Reports the worst-case path for each clock domain and analysis      ; Off                ;      ;    ;             ;
; Removes common clock path pessimism (CCPP) during slack computation ; Off                ;      ;    ;             ;
; Output I/O Timing Endpoint                                          ; Near End           ;      ;    ;             ;
+---------------------------------------------------------------------+--------------------+------+----+-------------+


+------------------------------------------------------------------------------------------------------------------------------------------------------------------------------------+
; Clock Settings Summary                                                                                                                                                             ;
+-----------------+--------------------+----------+------------------+---------------+--------------+----------+-----------------------+---------------------+--------+--------------+
; Clock Node Name ; Clock Setting Name ; Type     ; Fmax Requirement ; Early Latency ; Late Latency ; Based on ; Multiply Base Fmax by ; Divide Base Fmax by ; Offset ; Phase offset ;
+-----------------+--------------------+----------+------------------+---------------+--------------+----------+-----------------------+---------------------+--------+--------------+
; Clk             ;                    ; User Pin ; None             ; 0.000 ns      ; 0.000 ns     ; --       ; N/A                   ; N/A                 ; N/A    ;              ;
+-----------------+--------------------+----------+------------------+---------------+--------------+----------+-----------------------+---------------------+--------+--------------+


Parallel compilation was disabled, but you have multiple processors available. Enable parallel compilation to reduce compilation time.
+-------------------------------------+
; Parallel Compilation                ;
+----------------------------+--------+
; Processors                 ; Number ;
+----------------------------+--------+
; Number detected on machine ; 4      ;
; Maximum allowed            ; 1      ;
+----------------------------+--------+


+--------------------------------------------------------------------------------------------------------------------------------------------------------------------------------------------------------------------+
; Clock Setup: 'Clk'                                                                                                                                                                                                 ;
+-------+------------------------------------------------+-----------------------+-----------------------+------------+----------+-----------------------------+---------------------------+-------------------------+
; Slack ; Actual fmax (period)                           ; From                  ; To                    ; From Clock ; To Clock ; Required Setup Relationship ; Required Longest P2P Time ; Actual Longest P2P Time ;
+-------+------------------------------------------------+-----------------------+-----------------------+------------+----------+-----------------------------+---------------------------+-------------------------+
; N/A   ; Restricted to 275.03 MHz ( period = 3.636 ns ) ; debouncer1:d1|Temp[1] ; debouncer1:d1|Out     ; Clk        ; Clk      ; None                        ; None                      ; 2.855 ns                ;
; N/A   ; Restricted to 275.03 MHz ( period = 3.636 ns ) ; debouncer1:d1|Temp[1] ; debouncer2:d2|Temp[3] ; Clk        ; Clk      ; None                        ; None                      ; 2.855 ns                ;
; N/A   ; Restricted to 275.03 MHz ( period = 3.636 ns ) ; debouncer2:d2|Temp[0] ; debouncer1:d1|Out     ; Clk        ; Clk      ; None                        ; None                      ; 2.057 ns                ;
; N/A   ; Restricted to 275.03 MHz ( period = 3.636 ns ) ; debouncer2:d2|Temp[0] ; debouncer2:d2|Temp[3] ; Clk        ; Clk      ; None                        ; None                      ; 2.057 ns                ;
; N/A   ; Restricted to 275.03 MHz ( period = 3.636 ns ) ; debouncer1:d1|Temp[2] ; debouncer1:d1|Out     ; Clk        ; Clk      ; None                        ; None                      ; 1.998 ns                ;
; N/A   ; Restricted to 275.03 MHz ( period = 3.636 ns ) ; debouncer1:d1|Temp[2] ; debouncer2:d2|Temp[3] ; Clk        ; Clk      ; None                        ; None                      ; 1.998 ns                ;
; N/A   ; Restricted to 275.03 MHz ( period = 3.636 ns ) ; debouncer1:d1|Out     ; debouncer1:d1|Out     ; Clk        ; Clk      ; None                        ; None                      ; 1.841 ns                ;
; N/A   ; Restricted to 275.03 MHz ( period = 3.636 ns ) ; debouncer1:d1|Temp[3] ; debouncer1:d1|Out     ; Clk        ; Clk      ; None                        ; None                      ; 1.342 ns                ;
; N/A   ; Restricted to 275.03 MHz ( period = 3.636 ns ) ; debouncer1:d1|Temp[1] ; debouncer1:d1|Temp[2] ; Clk        ; Clk      ; None                        ; None                      ; 1.229 ns                ;
; N/A   ; Restricted to 275.03 MHz ( period = 3.636 ns ) ; debouncer2:d2|Temp[0] ; debouncer1:d1|Temp[1] ; Clk        ; Clk      ; None                        ; None                      ; 1.226 ns                ;
; N/A   ; Restricted to 275.03 MHz ( period = 3.636 ns ) ; debouncer2:d2|Temp[3] ; debouncer2:d2|Temp[3] ; Clk        ; Clk      ; None                        ; None                      ; 1.105 ns                ;
; N/A   ; Restricted to 275.03 MHz ( period = 3.636 ns ) ; debouncer1:d1|Temp[2] ; debouncer1:d1|Temp[3] ; Clk        ; Clk      ; None                        ; None                      ; 0.886 ns                ;
+-------+------------------------------------------------+-----------------------+-----------------------+------------+----------+-----------------------------+---------------------------+-------------------------+


+-----------------------------------------------------------------------------+
; tsu                                                                         ;
+-------+--------------+------------+------+-----------------------+----------+
; Slack ; Required tsu ; Actual tsu ; From ; To                    ; To Clock ;
+-------+--------------+------------+------+-----------------------+----------+
; N/A   ; None         ; 4.908 ns   ; In   ; debouncer2:d2|Temp[3] ; Clk      ;
; N/A   ; None         ; 4.005 ns   ; In   ; debouncer2:d2|Temp[0] ; Clk      ;
+-------+--------------+------------+------+-----------------------+----------+


+-------------------------------------------------------------------------------+
; tco                                                                           ;
+-------+--------------+------------+-----------------------+------+------------+
; Slack ; Required tco ; Actual tco ; From                  ; To   ; From Clock ;
+-------+--------------+------------+-----------------------+------+------------+
; N/A   ; None         ; 6.230 ns   ; debouncer1:d1|Out     ; Out1 ; Clk        ;
; N/A   ; None         ; 6.222 ns   ; debouncer2:d2|Temp[3] ; Out2 ; Clk        ;
+-------+--------------+------------+-----------------------+------+------------+


+-----------------------------------------------------------------------------------+
; th                                                                                ;
+---------------+-------------+-----------+------+-----------------------+----------+
; Minimum Slack ; Required th ; Actual th ; From ; To                    ; To Clock ;
+---------------+-------------+-----------+------+-----------------------+----------+
; N/A           ; None        ; -3.953 ns ; In   ; debouncer2:d2|Temp[0] ; Clk      ;
; N/A           ; None        ; -4.856 ns ; In   ; debouncer2:d2|Temp[3] ; Clk      ;
+---------------+-------------+-----------+------+-----------------------+----------+


+--------------------------+
; Timing Analyzer Messages ;
+--------------------------+
Info: *******************************************************************
Info: Running Quartus II Classic Timing Analyzer
    Info: Version 9.0 Build 132 02/25/2009 SJ Web Edition
    Info: Processing started: Thu Apr 04 15:29:47 2019
Info: Command: quartus_tan --read_settings_files=off --write_settings_files=off LAB3 -c LAB3 --timing_analysis_only
Warning: Found pins functioning as undefined clocks and/or memory enables
    Info: Assuming node "Clk" is an undefined clock
Info: Clock "Clk" Internal fmax is restricted to 275.03 MHz between source register "debouncer1:d1|Temp[1]" and destination register "debouncer1:d1|Out"
    Info: fmax restricted to Clock High delay (1.818 ns) plus Clock Low delay (1.818 ns) : restricted to 3.636 ns. Expand message to see actual delay path.
        Info: + Longest register to register delay is 2.855 ns
            Info: 1: + IC(0.000 ns) + CELL(0.000 ns) = 0.000 ns; Loc. = LC_X1_Y4_N2; Fanout = 3; REG Node = 'debouncer1:d1|Temp[1]'
            Info: 2: + IC(1.059 ns) + CELL(0.442 ns) = 1.501 ns; Loc. = LC_X1_Y4_N9; Fanout = 2; COMB Node = 'debouncer1:d1|Out~0'
            Info: 3: + IC(1.045 ns) + CELL(0.309 ns) = 2.855 ns; Loc. = LC_X1_Y4_N3; Fanout = 2; REG Node = 'debouncer1:d1|Out'
            Info: Total cell delay = 0.751 ns ( 26.30 % )
            Info: Total interconnect delay = 2.104 ns ( 73.70 % )
        Info: - Smallest clock skew is 0.000 ns
            Info: + Shortest clock path from clock "Clk" to destination register is 2.730 ns
                Info: 1: + IC(0.000 ns) + CELL(1.469 ns) = 1.469 ns; Loc. = PIN_17; Fanout = 6; CLK Node = 'Clk'
                Info: 2: + IC(0.550 ns) + CELL(0.711 ns) = 2.730 ns; Loc. = LC_X1_Y4_N3; Fanout = 2; REG Node = 'debouncer1:d1|Out'
                Info: Total cell delay = 2.180 ns ( 79.85 % )
                Info: Total interconnect delay = 0.550 ns ( 20.15 % )
            Info: - Longest clock path from clock "Clk" to source register is 2.730 ns
                Info: 1: + IC(0.000 ns) + CELL(1.469 ns) = 1.469 ns; Loc. = PIN_17; Fanout = 6; CLK Node = 'Clk'
                Info: 2: + IC(0.550 ns) + CELL(0.711 ns) = 2.730 ns; Loc. = LC_X1_Y4_N2; Fanout = 3; REG Node = 'debouncer1:d1|Temp[1]'
                Info: Total cell delay = 2.180 ns ( 79.85 % )
                Info: Total interconnect delay = 0.550 ns ( 20.15 % )
        Info: + Micro clock to output delay of source is 0.224 ns
        Info: + Micro setup delay of destination is 0.037 ns
Info: tsu for register "debouncer2:d2|Temp[3]" (data pin = "In", clock pin = "Clk") is 4.908 ns
    Info: + Longest pin to register delay is 7.601 ns
        Info: 1: + IC(0.000 ns) + CELL(1.469 ns) = 1.469 ns; Loc. = PIN_26; Fanout = 2; PIN Node = 'In'
        Info: 2: + IC(5.394 ns) + CELL(0.738 ns) = 7.601 ns; Loc. = LC_X1_Y4_N4; Fanout = 2; REG Node = 'debouncer2:d2|Temp[3]'
        Info: Total cell delay = 2.207 ns ( 29.04 % )
        Info: Total interconnect delay = 5.394 ns ( 70.96 % )
    Info: + Micro setup delay of destination is 0.037 ns
    Info: - Shortest clock path from clock "Clk" to destination register is 2.730 ns
        Info: 1: + IC(0.000 ns) + CELL(1.469 ns) = 1.469 ns; Loc. = PIN_17; Fanout = 6; CLK Node = 'Clk'
        Info: 2: + IC(0.550 ns) + CELL(0.711 ns) = 2.730 ns; Loc. = LC_X1_Y4_N4; Fanout = 2; REG Node = 'debouncer2:d2|Temp[3]'
        Info: Total cell delay = 2.180 ns ( 79.85 % )
        Info: Total interconnect delay = 0.550 ns ( 20.15 % )
Info: tco from clock "Clk" to destination pin "Out1" through register "debouncer1:d1|Out" is 6.230 ns
    Info: + Longest clock path from clock "Clk" to source register is 2.730 ns
        Info: 1: + IC(0.000 ns) + CELL(1.469 ns) = 1.469 ns; Loc. = PIN_17; Fanout = 6; CLK Node = 'Clk'
        Info: 2: + IC(0.550 ns) + CELL(0.711 ns) = 2.730 ns; Loc. = LC_X1_Y4_N3; Fanout = 2; REG Node = 'debouncer1:d1|Out'
        Info: Total cell delay = 2.180 ns ( 79.85 % )
        Info: Total interconnect delay = 0.550 ns ( 20.15 % )
    Info: + Micro clock to output delay of source is 0.224 ns
    Info: + Longest register to pin delay is 3.276 ns
        Info: 1: + IC(0.000 ns) + CELL(0.000 ns) = 0.000 ns; Loc. = LC_X1_Y4_N3; Fanout = 2; REG Node = 'debouncer1:d1|Out'
        Info: 2: + IC(1.152 ns) + CELL(2.124 ns) = 3.276 ns; Loc. = PIN_27; Fanout = 0; PIN Node = 'Out1'
        Info: Total cell delay = 2.124 ns ( 64.84 % )
        Info: Total interconnect delay = 1.152 ns ( 35.16 % )
Info: th for register "debouncer2:d2|Temp[0]" (data pin = "In", clock pin = "Clk") is -3.953 ns
    Info: + Longest clock path from clock "Clk" to destination register is 2.730 ns
        Info: 1: + IC(0.000 ns) + CELL(1.469 ns) = 1.469 ns; Loc. = PIN_17; Fanout = 6; CLK Node = 'Clk'
        Info: 2: + IC(0.550 ns) + CELL(0.711 ns) = 2.730 ns; Loc. = LC_X1_Y4_N9; Fanout = 3; REG Node = 'debouncer2:d2|Temp[0]'
        Info: Total cell delay = 2.180 ns ( 79.85 % )
        Info: Total interconnect delay = 0.550 ns ( 20.15 % )
    Info: + Micro hold delay of destination is 0.015 ns
    Info: - Shortest pin to register delay is 6.698 ns
        Info: 1: + IC(0.000 ns) + CELL(1.469 ns) = 1.469 ns; Loc. = PIN_26; Fanout = 2; PIN Node = 'In'
        Info: 2: + IC(5.114 ns) + CELL(0.115 ns) = 6.698 ns; Loc. = LC_X1_Y4_N9; Fanout = 3; REG Node = 'debouncer2:d2|Temp[0]'
        Info: Total cell delay = 1.584 ns ( 23.65 % )
        Info: Total interconnect delay = 5.114 ns ( 76.35 % )
Info: Quartus II Classic Timing Analyzer was successful. 0 errors, 1 warning
    Info: Peak virtual memory: 195 megabytes
    Info: Processing ended: Thu Apr 04 15:29:47 2019
    Info: Elapsed time: 00:00:00
    Info: Total CPU time (on all processors): 00:00:00


